<?xml version="1.0" encoding="UTF-8"?>
<!-- Generated by org.testng.reporters.JUnitReportReporter -->
<testsuite hostname="Vivek" failures="0" tests="2" name="tests.TestExample" time="2.164" errors="0" timestamp="2023-07-13T14:24:21 IST" skipped="0">
  <testcase classname="tests.TestExample" name="test_1" time="1.496"/>
  <system-out/>
  <testcase classname="tests.TestExample" name="test_2" time="0.668"/>
  <system-out/>
</testsuite> <!-- tests.TestExample -->
