<?xml version="1.0" encoding="UTF-8"?>
<!-- Generated by org.testng.reporters.JUnitReportReporter -->
<testsuite hostname="Vivek" failures="0" tests="2" name="tests.GetAndPost" time="4.281" errors="0" timestamp="2023-07-26T11:00:34 IST" skipped="0">
  <testcase classname="tests.GetAndPost" name="testPost" time="0.003"/>
  <system-out/>
  <testcase classname="tests.GetAndPost" name="testGet" time="4.278"/>
  <system-out/>
</testsuite> <!-- tests.GetAndPost -->
